<?xml version="1.0" encoding="UTF-8"?>
<!-- Generated by org.testng.reporters.JUnitReportReporter -->
<testsuite hostname="L-185012445" name="main.MyRunner$RunCukesByFeatureAndCompositionTest1" tests="1" failures="0" timestamp="19 Mar 2018 23:58:55 GMT" time="0.018" errors="0">
  <testcase name="feature" time="0.018" classname="main.MyRunner$RunCukesByFeatureAndCompositionTest1"/>
</testsuite> <!-- main.MyRunner$RunCukesByFeatureAndCompositionTest1 -->
